TN:
SF:src\config\firebase.ts
FNF:0
FNH:0
DA:1,1
DA:2,1
DA:3,1
DA:4,1
DA:7,1
DA:9,1
DA:11,1
DA:14,1
DA:15,0
DA:19,1
DA:20,1
LF:11
LH:10
BRDA:9,0,0,1
BRDA:9,0,1,0
BRDA:14,1,0,0
BRF:3
BRH:1
end_of_record
TN:
SF:src\services\event.service.ts
FN:10,(anonymous_7)
FN:10,(anonymous_8)
FN:26,(anonymous_9)
FN:26,(anonymous_10)
FN:44,(anonymous_11)
FN:44,(anonymous_12)
FN:78,(anonymous_13)
FN:78,(anonymous_14)
FN:86,(anonymous_15)
FN:86,(anonymous_16)
FN:123,(anonymous_17)
FN:123,(anonymous_18)
FN:139,(anonymous_19)
FN:165,(anonymous_20)
FN:165,(anonymous_21)
FN:176,(anonymous_22)
FN:176,(anonymous_23)
FN:192,(anonymous_24)
FN:192,(anonymous_25)
FN:199,(anonymous_26)
FNF:20
FNH:12
FNDA:1,(anonymous_7)
FNDA:1,(anonymous_8)
FNDA:1,(anonymous_9)
FNDA:1,(anonymous_10)
FNDA:1,(anonymous_11)
FNDA:1,(anonymous_12)
FNDA:1,(anonymous_13)
FNDA:1,(anonymous_14)
FNDA:7,(anonymous_15)
FNDA:7,(anonymous_16)
FNDA:1,(anonymous_17)
FNDA:1,(anonymous_18)
FNDA:0,(anonymous_19)
FNDA:0,(anonymous_20)
FNDA:0,(anonymous_21)
FNDA:0,(anonymous_22)
FNDA:0,(anonymous_23)
FNDA:0,(anonymous_24)
FNDA:0,(anonymous_25)
FNDA:0,(anonymous_26)
DA:2,1
DA:7,1
DA:10,1
DA:11,1
DA:12,1
DA:14,1
DA:15,5
DA:16,5
DA:17,5
DA:18,5
DA:20,5
DA:23,1
DA:26,1
DA:27,1
DA:30,1
DA:32,1
DA:33,0
DA:34,0
DA:35,0
DA:36,0
DA:38,0
DA:41,1
DA:44,1
DA:45,1
DA:54,1
DA:57,1
DA:58,0
DA:59,0
DA:61,0
DA:62,0
DA:67,1
DA:68,1
DA:69,1
DA:71,1
DA:78,1
DA:79,1
DA:80,1
DA:86,7
DA:87,7
DA:89,7
DA:91,7
DA:92,0
DA:93,0
DA:94,0
DA:95,0
DA:96,0
DA:97,0
DA:101,0
DA:102,0
DA:103,0
DA:104,0
DA:108,0
DA:109,0
DA:110,0
DA:113,0
DA:120,7
DA:123,1
DA:124,1
DA:126,1
DA:127,1
DA:136,1
DA:137,1
DA:139,1
DA:140,0
DA:143,1
DA:146,1
DA:147,0
DA:148,0
DA:150,0
DA:151,0
DA:156,1
DA:157,1
DA:159,1
DA:165,1
DA:166,0
DA:167,0
DA:168,0
DA:169,0
DA:170,0
DA:172,0
DA:176,1
DA:177,0
DA:179,0
DA:180,0
DA:181,0
DA:182,0
DA:183,0
DA:185,0
DA:186,0
DA:188,0
DA:192,1
DA:193,0
DA:194,0
DA:196,0
DA:198,0
DA:199,0
DA:200,0
LF:97
LH:48
BRDA:57,0,0,0
BRDA:57,1,0,1
BRDA:57,1,1,0
BRDA:59,2,0,0
BRDA:108,3,0,0
BRDA:124,4,0,0
BRDA:146,5,0,0
BRDA:146,6,0,1
BRDA:146,6,1,0
BRDA:148,7,0,0
BRDA:196,8,0,0
BRF:11
BRH:2
end_of_record
TN:
SF:test\unit\describe.ts
FN:4,Describe
FN:5,(anonymous_17)
FN:7,(anonymous_18)
FN:15,(anonymous_19)
FN:15,(anonymous_20)
FNF:5
FNH:5
FNDA:1,Describe
FNDA:1,(anonymous_17)
FNDA:1,(anonymous_18)
FNDA:1,(anonymous_19)
FNDA:1,(anonymous_20)
DA:1,1
DA:4,1
DA:5,1
DA:7,1
DA:9,1
DA:10,1
DA:15,1
DA:17,1
DA:19,1
LF:9
LH:9
BRF:0
BRH:0
end_of_record
TN:
SF:test\unit\eventsServiceTest.ts
FN:4,EventServiceTest
FN:5,(anonymous_8)
FN:5,(anonymous_9)
FN:19,(anonymous_10)
FN:19,(anonymous_11)
FN:24,(anonymous_12)
FN:24,(anonymous_13)
FN:29,(anonymous_14)
FN:29,(anonymous_15)
FN:34,(anonymous_16)
FN:34,(anonymous_17)
FNF:11
FNH:11
FNDA:1,EventServiceTest
FNDA:1,(anonymous_8)
FNDA:1,(anonymous_9)
FNDA:1,(anonymous_10)
FNDA:1,(anonymous_11)
FNDA:1,(anonymous_12)
FNDA:1,(anonymous_13)
FNDA:1,(anonymous_14)
FNDA:1,(anonymous_15)
FNDA:1,(anonymous_16)
FNDA:1,(anonymous_17)
DA:1,1
DA:3,1
DA:4,1
DA:5,1
DA:6,1
DA:13,1
DA:14,1
DA:16,1
DA:19,1
DA:20,1
DA:21,1
DA:24,1
DA:25,1
DA:26,1
DA:29,1
DA:30,1
DA:31,1
DA:34,1
DA:35,1
DA:43,1
DA:44,1
LF:21
LH:21
BRF:0
BRH:0
end_of_record
